<?xml version="1.0" encoding="UTF-8"?>
<!-- Generated by org.testng.reporters.JUnitReportReporter -->
<testsuite hostname="DESKTOP-3H5BD9I" failures="0" tests="1" name="auto.testsuits.test" time="13.637" errors="0" timestamp="2024-03-30T00:03:18 ICT" skipped="0">
  <testcase classname="auto.testsuits.test" name="test12" time="13.637"/>
  <system-out/>
</testsuite> <!-- auto.testsuits.test -->
