<?xml version="1.0" encoding="UTF-8"?>
<!-- Generated by org.testng.reporters.JUnitReportReporter -->
<testsuite hostname="DESKTOP-3H5BD9I" failures="0" tests="7" name="auto.testsuits.ProjectFinalTest" time="70.121" errors="0" timestamp="2024-03-30T01:13:33 ICT" skipped="0">
  <testcase classname="auto.testsuits.ProjectFinalTest" name="fillterProjectsWithAllProjectsTag" time="9.096"/>
  <system-out/>
  <testcase classname="auto.testsuits.ProjectFinalTest" name="fillterProjectsWithCompletedTag" time="8.889"/>
  <system-out/>
  <testcase classname="auto.testsuits.ProjectFinalTest" name="fillterProjectsWithOpenTag" time="8.861"/>
  <system-out/>
  <testcase classname="auto.testsuits.ProjectFinalTest" name="fillterProjectsWithHightPriorityTag" time="9.215"/>
  <system-out/>
  <testcase classname="auto.testsuits.ProjectFinalTest" name="fillterProjectsWithUpcomingTag" time="8.759"/>
  <system-out/>
  <testcase classname="auto.testsuits.ProjectFinalTest" name="clearFilterSuccessfully" time="14.587"/>
  <system-out/>
  <testcase classname="auto.testsuits.ProjectFinalTest" name="searchFilterSuccessfully" time="10.714"/>
  <system-out/>
</testsuite> <!-- auto.testsuits.ProjectFinalTest -->
