<?xml version="1.0" encoding="UTF-8"?>
<!-- Generated by org.testng.reporters.JUnitReportReporter -->
<testsuite hostname="DESKTOP-3H5BD9I" failures="0" tests="1" name="auto.testsuits.RiseTest" time="5.088" errors="0" timestamp="2024-03-26T17:27:30 ICT" skipped="0">
  <testcase classname="auto.testsuits.RiseTest" name="test" time="5.088"/>
  <system-out/>
</testsuite> <!-- auto.testsuits.RiseTest -->
