<?xml version="1.0" encoding="UTF-8"?>
<!-- Generated by org.testng.reporters.JUnitReportReporter -->
<testsuite hostname="DESKTOP-3H5BD9I" failures="0" tests="15" name="auto.testsuits.RiseTest" time="183.562" errors="0" timestamp="2024-03-27T19:32:41 ICT" skipped="0">
  <testcase classname="auto.testsuits.RiseTest" name="fillterProjectsWithAllProjectsTag" time="12.099"/>
  <system-out/>
  <testcase classname="auto.testsuits.RiseTest" name="fillterProjectsWithAllProjectsTag" time="14.892"/>
  <system-out/>
  <testcase classname="auto.testsuits.RiseTest" name="fillterProjectsWithAllProjectsTag" time="10.801"/>
  <system-out/>
  <testcase classname="auto.testsuits.RiseTest" name="fillterProjectsWithCompletedTag" time="12.039"/>
  <system-out/>
  <testcase classname="auto.testsuits.RiseTest" name="fillterProjectsWithCompletedTag" time="10.167"/>
  <system-out/>
  <testcase classname="auto.testsuits.RiseTest" name="fillterProjectsWithCompletedTag" time="14.254"/>
  <system-out/>
  <testcase classname="auto.testsuits.RiseTest" name="fillterProjectsWithOpenTag" time="10.566"/>
  <system-out/>
  <testcase classname="auto.testsuits.RiseTest" name="fillterProjectsWithOpenTag" time="11.964"/>
  <system-out/>
  <testcase classname="auto.testsuits.RiseTest" name="fillterProjectsWithOpenTag" time="13.846"/>
  <system-out/>
  <testcase classname="auto.testsuits.RiseTest" name="fillterProjectsWithHightPriorityTag" time="10.168"/>
  <system-out/>
  <testcase classname="auto.testsuits.RiseTest" name="fillterProjectsWithHightPriorityTag" time="11.869"/>
  <system-out/>
  <testcase classname="auto.testsuits.RiseTest" name="fillterProjectsWithHightPriorityTag" time="13.919"/>
  <system-out/>
  <testcase classname="auto.testsuits.RiseTest" name="fillterProjectsWithUpcomingTag" time="12.034"/>
  <system-out/>
  <testcase classname="auto.testsuits.RiseTest" name="fillterProjectsWithUpcomingTag" time="10.356"/>
  <system-out/>
  <testcase classname="auto.testsuits.RiseTest" name="fillterProjectsWithUpcomingTag" time="14.588"/>
  <system-out/>
</testsuite> <!-- auto.testsuits.RiseTest -->
